2024-12-06T10:42:53.139+0100 INFO               [main]                         be.pxl.services.ShoppingCartTests - Starting ShoppingCartTests using Java 21.0.2 with PID 22696 (started by kamin in D:\fullstack Java Labs\learning-microservices-with-spring-cloud-BennethKaminskiPXL\backend-java\DuurzaamShopPlatform\shoppingcart-service)
2024-12-06T10:42:53.139+0100 DEBUG              [main]                         be.pxl.services.ShoppingCartTests - Running with Spring Boot v3.3.4, Spring v6.1.13
2024-12-06T10:42:53.139+0100 INFO               [main]                         be.pxl.services.ShoppingCartTests - No active profile set, falling back to 1 default profile: "default"
2024-12-06T10:42:57.144+0100 INFO               [main]                         be.pxl.services.ShoppingCartTests - Started ShoppingCartTests in 4.667 seconds (process running for 16.924)
2024-12-06T10:42:57.441+0100 INFO               [main]                         be.pxl.services.controller.ShoppingCartController - Adding product with id: 1 to cart with id: 1
2024-12-06T10:42:57.496+0100 INFO               [main]                         be.pxl.services.services.CartService - Product with id1  added to cart
2024-12-06T10:42:57.496+0100 INFO               [main]                         be.pxl.services.services.CartService - Shoppingcart has item : 1 itemsproduct1
2024-12-06T10:42:57.512+0100 INFO               [main]                         be.pxl.services.services.CartService - Product with id1  removed from cart with id1
2024-12-06T10:42:57.575+0100 INFO               [main]                         be.pxl.services.controller.ShoppingCartController - Adding product with id: 1 to cart with id: 2
2024-12-06T10:42:57.597+0100 INFO               [main]                         be.pxl.services.services.CartService - Product with id1  added to cart
2024-12-06T10:42:57.597+0100 INFO               [main]                         be.pxl.services.services.CartService - Shoppingcart has item : 1 itemsproduct1
2024-12-06T10:42:57.599+0100 INFO               [main]                         be.pxl.services.controller.ShoppingCartController - Adding product with id: 2 to cart with id: 2
2024-12-06T10:42:57.613+0100 INFO               [main]                         be.pxl.services.services.CartService - Product with id2  added to cart
2024-12-06T10:42:57.613+0100 INFO               [main]                         be.pxl.services.services.CartService - Shoppingcart has item : 2 itemsproduct1
2024-12-06T10:42:57.762+0100 INFO               [main]                         be.pxl.services.controller.ShoppingCartController - Adding product with id: 1 to cart with id: 4
2024-12-06T10:42:57.780+0100 INFO               [main]                         be.pxl.services.services.CartService - Product with id1  added to cart
2024-12-06T10:42:57.781+0100 INFO               [main]                         be.pxl.services.services.CartService - Shoppingcart has item : 1 itemsproduct1
2024-12-06T10:42:57.782+0100 INFO               [main]                         be.pxl.services.controller.ShoppingCartController - Adding product with id: 2 to cart with id: 4
2024-12-06T10:42:57.799+0100 INFO               [main]                         be.pxl.services.services.CartService - Product with id2  added to cart
2024-12-06T10:42:57.799+0100 INFO               [main]                         be.pxl.services.services.CartService - Shoppingcart has item : 2 itemsproduct1
2024-12-06T10:42:57.849+0100 INFO               [main]                         be.pxl.services.controller.ShoppingCartController - Adding product with id: 1 to cart with id: 5
2024-12-06T10:42:57.864+0100 INFO               [main]                         be.pxl.services.services.CartService - Product with id1  added to cart
2024-12-06T10:42:57.864+0100 INFO               [main]                         be.pxl.services.services.CartService - Shoppingcart has item : 1 itemsproduct1
2024-12-06T10:42:57.989+0100 INFO               [main]                         be.pxl.services.controller.ShoppingCartController - Adding product with id: 1 to cart with id: 7
2024-12-06T10:42:58.002+0100 INFO               [main]                         be.pxl.services.services.CartService - Product with id1  added to cart
2024-12-06T10:42:58.002+0100 INFO               [main]                         be.pxl.services.services.CartService - Shoppingcart has item : 1 itemsproduct1
2024-12-06T10:42:58.009+0100 INFO               [main]                         be.pxl.services.services.CartService - 1 Product with id1  removed from cart with id7
2024-12-06T11:07:10.072+0100 INFO               [main]                         be.pxl.services.ShoppingCartTests - Starting ShoppingCartTests using Java 21.0.2 with PID 17248 (started by kamin in D:\fullstack Java Labs\learning-microservices-with-spring-cloud-BennethKaminskiPXL\backend-java\DuurzaamShopPlatform\shoppingcart-service)
2024-12-06T11:07:10.072+0100 DEBUG              [main]                         be.pxl.services.ShoppingCartTests - Running with Spring Boot v3.3.4, Spring v6.1.13
2024-12-06T11:07:10.072+0100 INFO               [main]                         be.pxl.services.ShoppingCartTests - No active profile set, falling back to 1 default profile: "default"
2024-12-06T11:07:15.099+0100 INFO               [main]                         be.pxl.services.ShoppingCartTests - Started ShoppingCartTests in 5.723 seconds (process running for 17.895)
2024-12-06T11:07:15.350+0100 INFO               [main]                         be.pxl.services.controller.ShoppingCartController - Adding product with id: 1 to cart with id: 1
2024-12-06T11:07:15.418+0100 INFO               [main]                         be.pxl.services.services.CartService - Product with id1  added to cart
2024-12-06T11:07:15.418+0100 INFO               [main]                         be.pxl.services.services.CartService - Shoppingcart has item : 1 itemsproduct1
2024-12-06T11:07:15.435+0100 INFO               [main]                         be.pxl.services.services.CartService - Product with id1  removed from cart with id1
2024-12-06T11:07:15.492+0100 INFO               [main]                         be.pxl.services.controller.ShoppingCartController - Adding product with id: 1 to cart with id: 2
2024-12-06T11:07:15.510+0100 INFO               [main]                         be.pxl.services.services.CartService - Product with id1  added to cart
2024-12-06T11:07:15.511+0100 INFO               [main]                         be.pxl.services.services.CartService - Shoppingcart has item : 1 itemsproduct1
2024-12-06T11:07:15.513+0100 INFO               [main]                         be.pxl.services.controller.ShoppingCartController - Adding product with id: 2 to cart with id: 2
2024-12-06T11:07:15.526+0100 INFO               [main]                         be.pxl.services.services.CartService - Product with id2  added to cart
2024-12-06T11:07:15.526+0100 INFO               [main]                         be.pxl.services.services.CartService - Shoppingcart has item : 2 itemsproduct1
2024-12-06T11:07:15.676+0100 INFO               [main]                         be.pxl.services.controller.ShoppingCartController - Adding product with id: 1 to cart with id: 4
2024-12-06T11:07:15.692+0100 INFO               [main]                         be.pxl.services.services.CartService - Product with id1  added to cart
2024-12-06T11:07:15.692+0100 INFO               [main]                         be.pxl.services.services.CartService - Shoppingcart has item : 1 itemsproduct1
2024-12-06T11:07:15.694+0100 INFO               [main]                         be.pxl.services.controller.ShoppingCartController - Adding product with id: 2 to cart with id: 4
2024-12-06T11:07:15.708+0100 INFO               [main]                         be.pxl.services.services.CartService - Product with id2  added to cart
2024-12-06T11:07:15.708+0100 INFO               [main]                         be.pxl.services.services.CartService - Shoppingcart has item : 2 itemsproduct1
2024-12-06T11:07:15.758+0100 INFO               [main]                         be.pxl.services.controller.ShoppingCartController - Adding product with id: 1 to cart with id: 5
2024-12-06T11:07:15.773+0100 INFO               [main]                         be.pxl.services.services.CartService - Product with id1  added to cart
2024-12-06T11:07:15.773+0100 INFO               [main]                         be.pxl.services.services.CartService - Shoppingcart has item : 1 itemsproduct1
2024-12-06T11:07:15.882+0100 INFO               [main]                         be.pxl.services.controller.ShoppingCartController - Adding product with id: 1 to cart with id: 7
2024-12-06T11:07:15.894+0100 INFO               [main]                         be.pxl.services.services.CartService - Product with id1  added to cart
2024-12-06T11:07:15.895+0100 INFO               [main]                         be.pxl.services.services.CartService - Shoppingcart has item : 1 itemsproduct1
2024-12-06T11:07:15.901+0100 INFO               [main]                         be.pxl.services.services.CartService - 1 Product with id1  removed from cart with id7
