2024-12-06T09:14:02.265+0100 INFO               [main]                         be.pxl.services.ProductCatalogApp - Starting ProductCatalogApp using Java 21.0.2 with PID 27464 (D:\fullstack Java Labs\learning-microservices-with-spring-cloud-BennethKaminskiPXL\backend-java\DuurzaamShopPlatform\productcatalog-service\target\classes started by kamin in D:\fullstack Java Labs\learning-microservices-with-spring-cloud-BennethKaminskiPXL\backend-java)
2024-12-06T09:14:02.271+0100 DEBUG              [main]                         be.pxl.services.ProductCatalogApp - Running with Spring Boot v3.3.4, Spring v6.1.13
2024-12-06T09:14:02.271+0100 INFO               [main]                         be.pxl.services.ProductCatalogApp - No active profile set, falling back to 1 default profile: "default"
2024-12-06T09:14:04.826+0100 INFO               [main]                         be.pxl.services.LogbookServiceApp - Starting LogbookServiceApp using Java 21 with PID 9920 (D:\fullstack Java Labs\learning-microservices-with-spring-cloud-BennethKaminskiPXL\backend-java\DuurzaamShopPlatform\logbook-service\target\classes started by kamin in D:\fullstack Java Labs\learning-microservices-with-spring-cloud-BennethKaminskiPXL\backend-java)
2024-12-06T09:14:04.827+0100 DEBUG              [main]                         be.pxl.services.LogbookServiceApp - Running with Spring Boot v3.3.4, Spring v6.1.13
2024-12-06T09:14:04.828+0100 INFO               [main]                         be.pxl.services.LogbookServiceApp - No active profile set, falling back to 1 default profile: "default"
2024-12-06T09:14:06.837+0100 INFO               [main]                         be.pxl.services.ProductCatalogApp - Started ProductCatalogApp in 5.33 seconds (process running for 6.978)
2024-12-06T09:14:07.947+0100 INFO               [main]                         be.pxl.services.LogbookServiceApp - Started LogbookServiceApp in 3.989 seconds (process running for 4.636)
2024-12-06T09:14:11.415+0100 INFO               [main]                         be.pxl.services.ShoppingCartServiceApp - Starting ShoppingCartServiceApp using Java 21.0.2 with PID 9948 (D:\fullstack Java Labs\learning-microservices-with-spring-cloud-BennethKaminskiPXL\backend-java\DuurzaamShopPlatform\shoppingcart-service\target\classes started by kamin in D:\fullstack Java Labs\learning-microservices-with-spring-cloud-BennethKaminskiPXL\backend-java)
2024-12-06T09:14:11.416+0100 DEBUG              [main]                         be.pxl.services.ShoppingCartServiceApp - Running with Spring Boot v3.3.4, Spring v6.1.13
2024-12-06T09:14:11.417+0100 INFO               [main]                         be.pxl.services.ShoppingCartServiceApp - No active profile set, falling back to 1 default profile: "default"
2024-12-06T09:14:15.055+0100 INFO               [main]                         be.pxl.services.ShoppingCartServiceApp - Started ShoppingCartServiceApp in 4.482 seconds (process running for 5.146)
2024-12-06T09:15:59.017+0100 INFO               [http-nio-8081-exec-1]         be.pxl.services.controller.ProductController - Getting all products
2024-12-06T09:16:12.561+0100 INFO               [http-nio-8082-exec-2]         be.pxl.services.controller.ShoppingCartController - Adding product with id: 503 to cart with id: 352
2024-12-06T09:16:12.685+0100 INFO               [http-nio-8081-exec-2]         be.pxl.services.controller.ProductController - Getting product with id : 503
2024-12-06T09:16:12.747+0100 INFO               [http-nio-8082-exec-2]         be.pxl.services.services.CartService - Product with id503  added to cart
2024-12-06T09:16:12.747+0100 INFO               [http-nio-8082-exec-2]         be.pxl.services.services.CartService - Shoppingcart has item : 1 itemstest2
2024-12-06T09:16:13.855+0100 INFO               [http-nio-8082-exec-3]         be.pxl.services.controller.ShoppingCartController - Adding product with id: 553 to cart with id: 352
2024-12-06T09:16:13.871+0100 INFO               [http-nio-8081-exec-3]         be.pxl.services.controller.ProductController - Getting product with id : 553
2024-12-06T09:16:13.892+0100 INFO               [http-nio-8082-exec-3]         be.pxl.services.services.CartService - Product with id553  added to cart
2024-12-06T09:16:13.892+0100 INFO               [http-nio-8082-exec-3]         be.pxl.services.services.CartService - Shoppingcart has item : 2 itemstest2
2024-12-06T09:16:14.303+0100 INFO               [http-nio-8082-exec-4]         be.pxl.services.controller.ShoppingCartController - Adding product with id: 553 to cart with id: 352
2024-12-06T09:16:14.312+0100 INFO               [http-nio-8081-exec-4]         be.pxl.services.controller.ProductController - Getting product with id : 553
2024-12-06T09:16:14.319+0100 INFO               [http-nio-8082-exec-4]         be.pxl.services.services.CartService - Product with id553  added to cart
2024-12-06T09:16:15.451+0100 INFO               [http-nio-8082-exec-5]         be.pxl.services.controller.ShoppingCartController - Adding product with id: 602 to cart with id: 352
2024-12-06T09:16:15.461+0100 INFO               [http-nio-8081-exec-5]         be.pxl.services.controller.ProductController - Getting product with id : 602
2024-12-06T09:16:15.483+0100 INFO               [http-nio-8082-exec-5]         be.pxl.services.services.CartService - Product with id602  added to cart
2024-12-06T09:16:15.483+0100 INFO               [http-nio-8082-exec-5]         be.pxl.services.services.CartService - Shoppingcart has item : 3 itemstest2
2024-12-06T09:45:42.833+0100 INFO               [main]                         be.pxl.services.LogbookServiceApp - Starting LogbookServiceApp using Java 21 with PID 1992 (D:\fullstack Java Labs\learning-microservices-with-spring-cloud-BennethKaminskiPXL\backend-java\DuurzaamShopPlatform\logbook-service\target\classes started by kamin in D:\fullstack Java Labs\learning-microservices-with-spring-cloud-BennethKaminskiPXL\backend-java)
2024-12-06T09:45:42.835+0100 DEBUG              [main]                         be.pxl.services.LogbookServiceApp - Running with Spring Boot v3.3.4, Spring v6.1.13
2024-12-06T09:45:42.836+0100 INFO               [main]                         be.pxl.services.LogbookServiceApp - No active profile set, falling back to 1 default profile: "default"
2024-12-06T09:45:46.964+0100 INFO               [main]                         be.pxl.services.LogbookServiceApp - Started LogbookServiceApp in 4.973 seconds (process running for 5.622)
2024-12-06T09:46:00.294+0100 INFO               [http-nio-8081-exec-8]         be.pxl.services.controller.ProductController - Adding product : logbookTestby user : benneth
2024-12-06T09:46:00.369+0100 INFO               [http-nio-8081-exec-8]         be.pxl.services.services.CatalogService - Product added to catalog: logbookTest
2024-12-06T09:48:31.947+0100 INFO               [main]                         be.pxl.services.LogbookServiceApp - Starting LogbookServiceApp using Java 21 with PID 3408 (D:\fullstack Java Labs\learning-microservices-with-spring-cloud-BennethKaminskiPXL\backend-java\DuurzaamShopPlatform\logbook-service\target\classes started by kamin in D:\fullstack Java Labs\learning-microservices-with-spring-cloud-BennethKaminskiPXL\backend-java)
2024-12-06T09:48:31.948+0100 DEBUG              [main]                         be.pxl.services.LogbookServiceApp - Running with Spring Boot v3.3.4, Spring v6.1.13
2024-12-06T09:48:31.948+0100 INFO               [main]                         be.pxl.services.LogbookServiceApp - No active profile set, falling back to 1 default profile: "default"
2024-12-06T09:48:35.636+0100 INFO               [main]                         be.pxl.services.LogbookServiceApp - Started LogbookServiceApp in 4.549 seconds (process running for 5.147)
2024-12-06T09:49:01.911+0100 INFO               [http-nio-8081-exec-10]        be.pxl.services.controller.ProductController - Adding product : logbookTest2by user : benneth
2024-12-06T09:49:01.924+0100 INFO               [http-nio-8081-exec-10]        be.pxl.services.services.CatalogService - Product added to catalog: logbookTest2
2024-12-06T09:49:02.028+0100 INFO               [org.springframework.amqp.rabbit.RabbitListenerEndpointContainer#0-4] be.pxl.services.services.LogService - Log saved to database: LogEntity(id=1, name=logbookTest2, label=Sample Label2, description=This is a sample product description.2, category=SHIRTS, price=30.0, changed=null, userName=benneth, action=add)
2024-12-06T09:51:28.564+0100 INFO               [main]                         be.pxl.services.LogbookServiceApp - Starting LogbookServiceApp using Java 21 with PID 24400 (D:\fullstack Java Labs\learning-microservices-with-spring-cloud-BennethKaminskiPXL\backend-java\DuurzaamShopPlatform\logbook-service\target\classes started by kamin in D:\fullstack Java Labs\learning-microservices-with-spring-cloud-BennethKaminskiPXL\backend-java)
2024-12-06T09:51:28.565+0100 DEBUG              [main]                         be.pxl.services.LogbookServiceApp - Running with Spring Boot v3.3.4, Spring v6.1.13
2024-12-06T09:51:28.566+0100 INFO               [main]                         be.pxl.services.LogbookServiceApp - No active profile set, falling back to 1 default profile: "default"
2024-12-06T09:51:32.535+0100 INFO               [main]                         be.pxl.services.LogbookServiceApp - Started LogbookServiceApp in 4.823 seconds (process running for 5.415)
2024-12-06T09:51:41.062+0100 INFO               [http-nio-8081-exec-2]         be.pxl.services.controller.ProductController - Adding product : logbookTest3by user : benneth
2024-12-06T09:51:41.074+0100 INFO               [http-nio-8081-exec-2]         be.pxl.services.services.CatalogService - Product added to catalog: logbookTest3
2024-12-06T09:51:41.181+0100 INFO               [org.springframework.amqp.rabbit.RabbitListenerEndpointContainer#0-1] be.pxl.services.services.LogService - Log saved to database: LogEntity(id=2, name=logbookTest3, label=Sample Label2, description=This is a sample product description.2, category=SHIRTS, price=30.0, changed=null, userName=benneth, action=add)
2024-12-06T09:54:23.053+0100 INFO               [main]                         be.pxl.services.LogbookServiceApp - Starting LogbookServiceApp using Java 21 with PID 22812 (D:\fullstack Java Labs\learning-microservices-with-spring-cloud-BennethKaminskiPXL\backend-java\DuurzaamShopPlatform\logbook-service\target\classes started by kamin in D:\fullstack Java Labs\learning-microservices-with-spring-cloud-BennethKaminskiPXL\backend-java)
2024-12-06T09:54:23.054+0100 DEBUG              [main]                         be.pxl.services.LogbookServiceApp - Running with Spring Boot v3.3.4, Spring v6.1.13
2024-12-06T09:54:23.055+0100 INFO               [main]                         be.pxl.services.LogbookServiceApp - No active profile set, falling back to 1 default profile: "default"
2024-12-06T09:54:28.693+0100 INFO               [main]                         be.pxl.services.LogbookServiceApp - Started LogbookServiceApp in 6.496 seconds (process running for 7.9)
2024-12-06T09:54:38.437+0100 INFO               [http-nio-8081-exec-4]         be.pxl.services.controller.ProductController - Adding product : logbookTest4by user : benneth
2024-12-06T09:54:38.451+0100 INFO               [http-nio-8081-exec-4]         be.pxl.services.services.CatalogService - Product added to catalog: logbookTest4
2024-12-06T09:54:38.655+0100 INFO               [org.springframework.amqp.rabbit.RabbitListenerEndpointContainer#0-1] be.pxl.services.services.LogService - Log saved to database: LogEntity(id=52, name=logbookTest4, label=Sample Label2, description=This is a sample product description.2, category=SHIRTS, price=30.0, changed=null, userName=benneth, action=add)
2024-12-06T09:56:01.709+0100 INFO               [main]                         be.pxl.services.LogbookServiceApp - Starting LogbookServiceApp using Java 21 with PID 26736 (D:\fullstack Java Labs\learning-microservices-with-spring-cloud-BennethKaminskiPXL\backend-java\DuurzaamShopPlatform\logbook-service\target\classes started by kamin in D:\fullstack Java Labs\learning-microservices-with-spring-cloud-BennethKaminskiPXL\backend-java)
2024-12-06T09:56:01.711+0100 DEBUG              [main]                         be.pxl.services.LogbookServiceApp - Running with Spring Boot v3.3.4, Spring v6.1.13
2024-12-06T09:56:01.711+0100 INFO               [main]                         be.pxl.services.LogbookServiceApp - No active profile set, falling back to 1 default profile: "default"
2024-12-06T09:56:05.279+0100 INFO               [main]                         be.pxl.services.LogbookServiceApp - Started LogbookServiceApp in 4.378 seconds (process running for 4.959)
2024-12-06T09:56:12.094+0100 INFO               [http-nio-8081-exec-6]         be.pxl.services.controller.ProductController - Adding product : logbookTest5by user : benneth
2024-12-06T09:56:12.107+0100 INFO               [http-nio-8081-exec-6]         be.pxl.services.services.CatalogService - Product added to catalog: logbookTest5
2024-12-06T09:56:12.206+0100 INFO               [org.springframework.amqp.rabbit.RabbitListenerEndpointContainer#0-1] be.pxl.services.services.LogService - Log saved to database: LogEntity(id=102, name=logbookTest5, label=Sample Label2, description=This is a sample product description.2, category=SHIRTS, price=30.0, changed=2024-12-06T09:56:12.125977300, userName=benneth, action=add)
2024-12-06T09:57:38.519+0100 INFO               [http-nio-8083-exec-1]         be.pxl.services.controller.LogbookController - Getting all products
2024-12-06T09:57:38.624+0100 INFO               [http-nio-8083-exec-1]         be.pxl.services.services.LogService - Getting all logs from database
2024-12-06T10:05:56.999+0100 INFO               [http-nio-8081-exec-8]         be.pxl.services.controller.ProductController - Getting all products
2024-12-06T10:06:00.037+0100 INFO               [http-nio-8081-exec-9]         be.pxl.services.controller.ProductController - Getting all products
2024-12-06T10:11:22.387+0100 INFO               [http-nio-8083-exec-3]         be.pxl.services.controller.LogbookController - Getting all products
2024-12-06T10:11:22.396+0100 INFO               [http-nio-8083-exec-3]         be.pxl.services.services.LogService - Getting all logs from database
2024-12-06T10:13:22.973+0100 INFO               [http-nio-8081-exec-1]         be.pxl.services.controller.ProductController - Getting all products
2024-12-06T10:13:25.403+0100 INFO               [http-nio-8081-exec-2]         be.pxl.services.controller.ProductController - Getting product with id : 503
2024-12-06T10:13:27.027+0100 INFO               [http-nio-8081-exec-3]         be.pxl.services.controller.ProductController - Getting product with id : 503
2024-12-06T10:13:32.921+0100 INFO               [http-nio-8081-exec-4]         be.pxl.services.controller.ProductController - Updating product with id : 503by user : null
2024-12-06T10:13:32.959+0100 INFO               [http-nio-8081-exec-4]         be.pxl.services.services.CatalogService - Product updated: test2changed
2024-12-06T10:13:32.959+0100 INFO               [http-nio-8081-exec-4]         be.pxl.services.services.CatalogService - Sending update message to logbook service
2024-12-06T10:13:32.976+0100 INFO               [org.springframework.amqp.rabbit.RabbitListenerEndpointContainer#0-1] be.pxl.services.services.LogService - Log saved to database: LogEntity(id=103, name=test2changed, label=sample label2, description=This is a sample product description.2, category=JACKETS, price=30.0, changed=2024-12-06T10:13:32.963445900, userName=null, action=update)
2024-12-06T10:13:39.146+0100 INFO               [http-nio-8083-exec-8]         be.pxl.services.controller.LogbookController - Getting all products
2024-12-06T10:13:39.166+0100 INFO               [http-nio-8083-exec-8]         be.pxl.services.services.LogService - Getting all logs from database
2024-12-06T10:15:10.364+0100 INFO               [http-nio-8081-exec-6]         be.pxl.services.controller.ProductController - Getting all products
2024-12-06T10:15:11.963+0100 INFO               [http-nio-8081-exec-7]         be.pxl.services.controller.ProductController - Deleting product with id : 602
2024-12-06T10:15:11.963+0100 INFO               [http-nio-8081-exec-7]         be.pxl.services.services.CatalogService - User azeraz is deleting product with id: 602
2024-12-06T10:15:11.974+0100 INFO               [http-nio-8081-exec-7]         be.pxl.services.services.CatalogService - Sending delete message to logbook service
2024-12-06T10:15:11.989+0100 INFO               [org.springframework.amqp.rabbit.RabbitListenerEndpointContainer#0-1] be.pxl.services.services.LogService - Log saved to database: LogEntity(id=104, name=test2, label=sample label2, description=This is a sample product description.2, category=SHIRTS, price=30.0, changed=2024-12-06T10:15:11.976672100, userName=null, action=delete)
2024-12-06T10:15:11.998+0100 INFO               [http-nio-8081-exec-8]         be.pxl.services.controller.ProductController - Getting all products
2024-12-06T10:15:14.469+0100 INFO               [http-nio-8083-exec-7]         be.pxl.services.controller.LogbookController - Getting all products
2024-12-06T10:15:14.485+0100 INFO               [http-nio-8083-exec-7]         be.pxl.services.services.LogService - Getting all logs from database
2024-12-06T10:17:56.009+0100 INFO               [http-nio-8081-exec-10]        be.pxl.services.controller.ProductController - Getting all products
2024-12-06T10:18:01.433+0100 INFO               [http-nio-8081-exec-1]         be.pxl.services.controller.ProductController - Deleting product with id : 652
2024-12-06T10:18:01.433+0100 INFO               [http-nio-8081-exec-1]         be.pxl.services.services.CatalogService - User qerazr is deleting product with id: 652
2024-12-06T10:18:01.439+0100 INFO               [http-nio-8081-exec-1]         be.pxl.services.services.CatalogService - Sending delete message to logbook service
2024-12-06T10:18:01.462+0100 INFO               [http-nio-8081-exec-2]         be.pxl.services.controller.ProductController - Getting all products
2024-12-06T10:18:01.465+0100 INFO               [org.springframework.amqp.rabbit.RabbitListenerEndpointContainer#0-1] be.pxl.services.services.LogService - Log saved to database: LogEntity(id=105, name=logbookTest, label=sample label2, description=This is a sample product description.2, category=SHIRTS, price=30.0, changed=2024-12-06T10:18:01.441545, userName=null, action=delete)
2024-12-06T10:21:08.618+0100 INFO               [main]                         be.pxl.services.LogbookServiceApp - Starting LogbookServiceApp using Java 21 with PID 2356 (D:\fullstack Java Labs\learning-microservices-with-spring-cloud-BennethKaminskiPXL\backend-java\DuurzaamShopPlatform\logbook-service\target\classes started by kamin in D:\fullstack Java Labs\learning-microservices-with-spring-cloud-BennethKaminskiPXL\backend-java)
2024-12-06T10:21:08.618+0100 DEBUG              [main]                         be.pxl.services.LogbookServiceApp - Running with Spring Boot v3.3.4, Spring v6.1.13
2024-12-06T10:21:08.618+0100 INFO               [main]                         be.pxl.services.LogbookServiceApp - No active profile set, falling back to 1 default profile: "default"
2024-12-06T10:21:12.357+0100 INFO               [main]                         be.pxl.services.ProductCatalogApp - Starting ProductCatalogApp using Java 21.0.2 with PID 21336 (D:\fullstack Java Labs\learning-microservices-with-spring-cloud-BennethKaminskiPXL\backend-java\DuurzaamShopPlatform\productcatalog-service\target\classes started by kamin in D:\fullstack Java Labs\learning-microservices-with-spring-cloud-BennethKaminskiPXL\backend-java)
2024-12-06T10:21:12.358+0100 DEBUG              [main]                         be.pxl.services.ProductCatalogApp - Running with Spring Boot v3.3.4, Spring v6.1.13
2024-12-06T10:21:12.359+0100 INFO               [main]                         be.pxl.services.ProductCatalogApp - No active profile set, falling back to 1 default profile: "default"
2024-12-06T10:21:13.107+0100 INFO               [main]                         be.pxl.services.LogbookServiceApp - Started LogbookServiceApp in 5.452 seconds (process running for 6.054)
2024-12-06T10:21:16.320+0100 INFO               [main]                         be.pxl.services.ProductCatalogApp - Started ProductCatalogApp in 4.9 seconds (process running for 5.709)
2024-12-06T10:22:01.865+0100 INFO               [http-nio-8081-exec-1]         be.pxl.services.controller.ProductController - Getting all products
2024-12-06T10:22:04.374+0100 INFO               [http-nio-8081-exec-2]         be.pxl.services.controller.ProductController - Getting product with id : 503
2024-12-06T10:22:07.327+0100 INFO               [http-nio-8081-exec-3]         be.pxl.services.controller.ProductController - Getting all products
2024-12-06T10:22:08.313+0100 INFO               [http-nio-8081-exec-4]         be.pxl.services.controller.ProductController - Getting product with id : 653
2024-12-06T10:22:08.998+0100 INFO               [http-nio-8081-exec-5]         be.pxl.services.controller.ProductController - Getting product with id : 653
2024-12-06T10:22:12.512+0100 INFO               [http-nio-8081-exec-6]         be.pxl.services.controller.ProductController - Updating product with id : 653by user : null
2024-12-06T10:22:12.556+0100 INFO               [http-nio-8081-exec-6]         be.pxl.services.services.CatalogService - Product updated: logbookTazer
2024-12-06T10:22:12.556+0100 INFO               [http-nio-8081-exec-6]         be.pxl.services.services.CatalogService - Sending update message to logbook service
2024-12-06T10:22:12.709+0100 INFO               [org.springframework.amqp.rabbit.RabbitListenerEndpointContainer#0-1] be.pxl.services.services.LogService - Log saved to database: LogEntity(id=152, name=logbookTazer, label=sample label2, description=This is a sample product description.2, category=SHIRTS, price=30.0, changed=2024-12-06T10:22:12.639925100, userName=null, action=update)
2024-12-06T10:22:16.245+0100 INFO               [http-nio-8083-exec-1]         be.pxl.services.controller.LogbookController - Getting all products
2024-12-06T10:22:16.355+0100 INFO               [http-nio-8083-exec-1]         be.pxl.services.services.LogService - Getting all logs from database
2024-12-06T10:24:03.442+0100 INFO               [main]                         be.pxl.services.ProductCatalogApp - Starting ProductCatalogApp using Java 21.0.2 with PID 24676 (D:\fullstack Java Labs\learning-microservices-with-spring-cloud-BennethKaminskiPXL\backend-java\DuurzaamShopPlatform\productcatalog-service\target\classes started by kamin in D:\fullstack Java Labs\learning-microservices-with-spring-cloud-BennethKaminskiPXL\backend-java)
2024-12-06T10:24:03.442+0100 DEBUG              [main]                         be.pxl.services.ProductCatalogApp - Running with Spring Boot v3.3.4, Spring v6.1.13
2024-12-06T10:24:03.443+0100 INFO               [main]                         be.pxl.services.ProductCatalogApp - No active profile set, falling back to 1 default profile: "default"
2024-12-06T10:24:07.185+0100 INFO               [main]                         be.pxl.services.ProductCatalogApp - Started ProductCatalogApp in 4.536 seconds (process running for 5.11)
2024-12-06T10:24:10.590+0100 INFO               [http-nio-8083-exec-3]         be.pxl.services.controller.LogbookController - Getting all products
2024-12-06T10:24:10.604+0100 INFO               [http-nio-8083-exec-3]         be.pxl.services.services.LogService - Getting all logs from database
2024-12-06T10:25:00.213+0100 INFO               [http-nio-8081-exec-1]         be.pxl.services.controller.ProductController - Getting all products
2024-12-06T10:25:00.637+0100 INFO               [http-nio-8081-exec-2]         be.pxl.services.controller.ProductController - Getting all products
2024-12-06T10:25:03.147+0100 INFO               [http-nio-8081-exec-3]         be.pxl.services.controller.ProductController - Getting product with id : 552
2024-12-06T10:25:08.550+0100 INFO               [http-nio-8081-exec-4]         be.pxl.services.controller.ProductController - Getting all products
2024-12-06T10:25:09.280+0100 INFO               [http-nio-8081-exec-5]         be.pxl.services.controller.ProductController - Getting product with id : 654
2024-12-06T10:25:10.843+0100 INFO               [http-nio-8081-exec-6]         be.pxl.services.controller.ProductController - Getting product with id : 654
2024-12-06T10:25:12.356+0100 INFO               [http-nio-8081-exec-7]         be.pxl.services.controller.ProductController - Updating product with id : 654by user : azer
2024-12-06T10:25:12.409+0100 INFO               [http-nio-8081-exec-7]         be.pxl.services.services.CatalogService - Product updated: logbookTest3d
2024-12-06T10:25:12.409+0100 INFO               [http-nio-8081-exec-7]         be.pxl.services.services.CatalogService - Sending update message to logbook service
2024-12-06T10:25:12.509+0100 INFO               [org.springframework.amqp.rabbit.RabbitListenerEndpointContainer#0-1] be.pxl.services.services.LogService - Log saved to database: LogEntity(id=153, name=logbookTest3d, label=sample label2, description=This is a sample product description.2, category=SHIRTS, price=30.0, changed=2024-12-06T10:25:12.484033900, userName=azer, action=update)
2024-12-06T10:25:15.767+0100 INFO               [http-nio-8083-exec-5]         be.pxl.services.controller.LogbookController - Getting all products
2024-12-06T10:25:15.779+0100 INFO               [http-nio-8083-exec-5]         be.pxl.services.services.LogService - Getting all logs from database
